<?xml version="1.0" encoding="UTF-8"?>
<!-- Generated by org.testng.reporters.JUnitXMLReporter -->
<testsuite ignored="1" hostname="LAPTOP-K8PVREI3" failures="0" tests="2" name="Test" time="0.066" errors="0" timestamp="2023-01-18T12:39:08 IST">
  <testcase classname="practice_package.Sample3Test" name="sample_3_Test" time="0.008"/>
  <testcase classname="practice_package.Sample2Test" name="sample_2_Test" time="0.001"/>
  <testcase classname="practice_package.Sample1Test" name="sample_1_Test" time="0.0">
    <ignored/>
  </testcase> <!-- sample_1_Test -->
</testsuite> <!-- Test -->
